[2024-01-05T12:21:29.956+0000] {taskinstance.py:1957} INFO - Dependencies all met for dep_context=non-requeueable deps ti=<TaskInstance: load_data_parquet.load_data_order_products__train manual__2024-01-05T12:00:08.484737+00:00 [queued]>
[2024-01-05T12:21:29.968+0000] {taskinstance.py:1957} INFO - Dependencies all met for dep_context=requeueable deps ti=<TaskInstance: load_data_parquet.load_data_order_products__train manual__2024-01-05T12:00:08.484737+00:00 [queued]>
[2024-01-05T12:21:29.968+0000] {taskinstance.py:2171} INFO - Starting attempt 1 of 1
[2024-01-05T12:21:29.987+0000] {taskinstance.py:2192} INFO - Executing <Task(PythonOperator): load_data_order_products__train> on 2024-01-05 12:00:08.484737+00:00
[2024-01-05T12:21:29.994+0000] {standard_task_runner.py:60} INFO - Started process 310 to run task
[2024-01-05T12:21:29.998+0000] {standard_task_runner.py:87} INFO - Running: ['***', 'tasks', 'run', 'load_data_parquet', 'load_data_order_products__train', 'manual__2024-01-05T12:00:08.484737+00:00', '--job-id', '8', '--raw', '--subdir', 'DAGS_FOLDER/load_data_parquet.py', '--cfg-path', '/tmp/tmpei5hys4b']
[2024-01-05T12:21:30.001+0000] {standard_task_runner.py:88} INFO - Job 8: Subtask load_data_order_products__train
[2024-01-05T12:21:30.076+0000] {task_command.py:423} INFO - Running <TaskInstance: load_data_parquet.load_data_order_products__train manual__2024-01-05T12:00:08.484737+00:00 [running]> on host e80d60e00ebe
[2024-01-05T12:21:30.201+0000] {taskinstance.py:2481} INFO - Exporting env vars: AIRFLOW_CTX_DAG_OWNER='***' AIRFLOW_CTX_DAG_ID='load_data_parquet' AIRFLOW_CTX_TASK_ID='load_data_order_products__train' AIRFLOW_CTX_EXECUTION_DATE='2024-01-05T12:00:08.484737+00:00' AIRFLOW_CTX_TRY_NUMBER='1' AIRFLOW_CTX_DAG_RUN_ID='manual__2024-01-05T12:00:08.484737+00:00'
[2024-01-05T12:21:30.228+0000] {logging_mixin.py:188} INFO - starting:order_products__train
[2024-01-05T12:21:30.258+0000] {logging_mixin.py:188} INFO - loading chunk:0 of 14
[2024-01-05T12:21:33.300+0000] {logging_mixin.py:188} INFO - loading chunk:1 of 14
[2024-01-05T12:21:36.415+0000] {logging_mixin.py:188} INFO - loading chunk:2 of 14
[2024-01-05T12:21:39.483+0000] {logging_mixin.py:188} INFO - loading chunk:3 of 14
[2024-01-05T12:21:42.437+0000] {logging_mixin.py:188} INFO - loading chunk:4 of 14
[2024-01-05T12:21:45.369+0000] {logging_mixin.py:188} INFO - loading chunk:5 of 14
[2024-01-05T12:21:48.399+0000] {logging_mixin.py:188} INFO - loading chunk:6 of 14
[2024-01-05T12:21:51.583+0000] {logging_mixin.py:188} INFO - loading chunk:7 of 14
[2024-01-05T12:21:54.778+0000] {logging_mixin.py:188} INFO - loading chunk:8 of 14
[2024-01-05T12:21:57.720+0000] {logging_mixin.py:188} INFO - loading chunk:9 of 14
[2024-01-05T12:22:00.809+0000] {logging_mixin.py:188} INFO - loading chunk:10 of 14
[2024-01-05T12:22:04.121+0000] {logging_mixin.py:188} INFO - loading chunk:11 of 14
[2024-01-05T12:22:07.673+0000] {logging_mixin.py:188} INFO - loading chunk:12 of 14
[2024-01-05T12:22:10.651+0000] {logging_mixin.py:188} INFO - loading chunk:13 of 14
[2024-01-05T12:22:13.158+0000] {python.py:201} INFO - Done. Returned value was: None
[2024-01-05T12:22:13.175+0000] {taskinstance.py:1138} INFO - Marking task as SUCCESS. dag_id=load_data_parquet, task_id=load_data_order_products__train, execution_date=20240105T120008, start_date=20240105T122129, end_date=20240105T122213
[2024-01-05T12:22:13.225+0000] {local_task_job_runner.py:234} INFO - Task exited with return code 0
[2024-01-05T12:22:13.251+0000] {taskinstance.py:3281} INFO - 0 downstream tasks scheduled from follow-on schedule check
