[0m10:42:19.124750 [debug] [MainThread]: Sending event: {'category': 'dbt', 'action': 'invocation', 'label': 'start', 'context': [<snowplow_tracker.self_describing_json.SelfDescribingJson object at 0x7fb8463c9d80>, <snowplow_tracker.self_describing_json.SelfDescribingJson object at 0x7fb84428b2b0>, <snowplow_tracker.self_describing_json.SelfDescribingJson object at 0x7fb84428b250>]}


============================== 10:42:19.131904 | 6e22c444-0ae1-40d8-a121-a6ee5b334506 ==============================
[0m10:42:19.131904 [info ] [MainThread]: Running with dbt=1.7.2
[0m10:42:19.132665 [debug] [MainThread]: running dbt with arguments {'printer_width': '80', 'indirect_selection': 'eager', 'log_cache_events': 'False', 'write_json': 'True', 'partial_parse': 'True', 'cache_selected_only': 'False', 'profiles_dir': '/home/kgeesawor/.dbt', 'debug': 'False', 'version_check': 'True', 'log_path': 'logs', 'warn_error': 'None', 'fail_fast': 'False', 'use_colors': 'True', 'use_experimental_parser': 'False', 'no_print': 'None', 'quiet': 'False', 'log_format': 'default', 'invocation_command': 'dbt init dbt_project01', 'warn_error_options': 'WarnErrorOptions(include=[], exclude=[])', 'static_parser': 'True', 'target_path': 'None', 'introspect': 'True', 'send_anonymous_usage_stats': 'True'}
[0m10:42:19.133552 [warn ] [MainThread]: [ConfigFolderDirectory]: Unable to parse dict {'dir': PosixPath('/home/kgeesawor/.dbt')}
[0m10:42:19.134075 [info ] [MainThread]: Creating dbt configuration folder at 
[0m10:42:19.137858 [debug] [MainThread]: Starter project path: /home/kgeesawor/.local/lib/python3.10/site-packages/dbt/include/starter_project
[0m10:42:19.149467 [info ] [MainThread]: 
Your new dbt project "dbt_project01" was created!

For more information on how to configure the profiles.yml file,
please consult the dbt documentation here:

  https://docs.getdbt.com/docs/configure-your-profile

One more thing:

Need help? Don't hesitate to reach out to us via GitHub issues or on Slack:

  https://community.getdbt.com/

Happy modeling!

[0m10:42:19.150810 [info ] [MainThread]: Setting up your profile.
[0m10:44:56.069104 [error] [MainThread]: Encountered an error:

[0m10:44:56.085534 [error] [MainThread]: Traceback (most recent call last):
  File "/home/kgeesawor/.local/lib/python3.10/site-packages/dbt/cli/requires.py", line 90, in wrapper
    result, success = func(*args, **kwargs)
  File "/home/kgeesawor/.local/lib/python3.10/site-packages/dbt/cli/requires.py", line 75, in wrapper
    return func(*args, **kwargs)
  File "/home/kgeesawor/.local/lib/python3.10/site-packages/dbt/cli/main.py", line 515, in init
    results = task.run()
  File "/home/kgeesawor/.local/lib/python3.10/site-packages/dbt/task/init.py", line 344, in run
    self.setup_profile(profile_name)
  File "/home/kgeesawor/.local/lib/python3.10/site-packages/dbt/task/init.py", line 263, in setup_profile
    adapter = self.ask_for_adapter_choice()
  File "/home/kgeesawor/.local/lib/python3.10/site-packages/dbt/task/init.py", line 244, in ask_for_adapter_choice
    numeric_choice = click.prompt(prompt_msg, type=click.INT)
  File "/home/kgeesawor/.local/lib/python3.10/site-packages/click/termui.py", line 164, in prompt
    value = prompt_func(prompt)
  File "/home/kgeesawor/.local/lib/python3.10/site-packages/click/termui.py", line 147, in prompt_func
    raise Abort() from None
click.exceptions.Abort

[0m10:44:56.089124 [debug] [MainThread]: Resource report: {"command_name": "init", "command_wall_clock_time": 156.97359, "process_user_time": 2.382386, "process_kernel_time": 0.120509, "process_mem_max_rss": "95532", "process_in_blocks": "176", "process_out_blocks": "72", "command_success": false}
[0m10:44:56.091669 [debug] [MainThread]: Command `dbt init` failed at 10:44:56.090953 after 156.98 seconds
[0m10:44:56.094180 [debug] [MainThread]: Sending event: {'category': 'dbt', 'action': 'invocation', 'label': 'end', 'context': [<snowplow_tracker.self_describing_json.SelfDescribingJson object at 0x7fb8463c9d80>, <snowplow_tracker.self_describing_json.SelfDescribingJson object at 0x7fb84428b6a0>, <snowplow_tracker.self_describing_json.SelfDescribingJson object at 0x7fb84428b640>]}
[0m10:44:56.095822 [debug] [MainThread]: Flushing usage events
[0m10:45:18.714248 [debug] [MainThread]: Sending event: {'category': 'dbt', 'action': 'invocation', 'label': 'start', 'context': [<snowplow_tracker.self_describing_json.SelfDescribingJson object at 0x7efd35965d80>, <snowplow_tracker.self_describing_json.SelfDescribingJson object at 0x7efd33857310>, <snowplow_tracker.self_describing_json.SelfDescribingJson object at 0x7efd338572b0>]}


============================== 10:45:18.719053 | 1c054e20-6095-42e0-956a-8f0c432ca2a8 ==============================
[0m10:45:18.719053 [info ] [MainThread]: Running with dbt=1.7.2
[0m10:45:18.720037 [debug] [MainThread]: running dbt with arguments {'printer_width': '80', 'indirect_selection': 'eager', 'write_json': 'True', 'log_cache_events': 'False', 'partial_parse': 'True', 'cache_selected_only': 'False', 'profiles_dir': '/home/kgeesawor/.dbt', 'debug': 'False', 'warn_error': 'None', 'log_path': 'logs', 'fail_fast': 'False', 'version_check': 'True', 'use_colors': 'True', 'use_experimental_parser': 'False', 'no_print': 'None', 'quiet': 'False', 'log_format': 'default', 'introspect': 'True', 'static_parser': 'True', 'invocation_command': 'dbt init', 'target_path': 'None', 'warn_error_options': 'WarnErrorOptions(include=[], exclude=[])', 'send_anonymous_usage_stats': 'True'}
[0m10:45:29.046234 [info ] [MainThread]: A project called dbt_project01 already exists here.
[0m10:45:29.047645 [debug] [MainThread]: Resource report: {"command_name": "init", "command_success": true, "command_wall_clock_time": 10.336487, "process_user_time": 2.319677, "process_kernel_time": 0.101255, "process_mem_max_rss": "95432", "process_out_blocks": "16", "process_in_blocks": "0"}
[0m10:45:29.048366 [debug] [MainThread]: Command `dbt init` succeeded at 10:45:29.048197 after 10.34 seconds
[0m10:45:29.048851 [debug] [MainThread]: Sending event: {'category': 'dbt', 'action': 'invocation', 'label': 'end', 'context': [<snowplow_tracker.self_describing_json.SelfDescribingJson object at 0x7efd35965d80>, <snowplow_tracker.self_describing_json.SelfDescribingJson object at 0x7efd338572b0>, <snowplow_tracker.self_describing_json.SelfDescribingJson object at 0x7efd33857700>]}
[0m10:45:29.049319 [debug] [MainThread]: Flushing usage events
[0m10:47:10.872884 [debug] [MainThread]: Sending event: {'category': 'dbt', 'action': 'invocation', 'label': 'start', 'context': [<snowplow_tracker.self_describing_json.SelfDescribingJson object at 0x7ff7007eef80>, <snowplow_tracker.self_describing_json.SelfDescribingJson object at 0x7ff6fe6df250>, <snowplow_tracker.self_describing_json.SelfDescribingJson object at 0x7ff6fe6df1f0>]}


============================== 10:47:10.877613 | 7ce24a2b-19f2-4b1b-831e-a0ccbe8c7d63 ==============================
[0m10:47:10.877613 [info ] [MainThread]: Running with dbt=1.7.2
[0m10:47:10.878611 [debug] [MainThread]: running dbt with arguments {'printer_width': '80', 'indirect_selection': 'eager', 'write_json': 'True', 'log_cache_events': 'False', 'partial_parse': 'True', 'cache_selected_only': 'False', 'profiles_dir': '/home/kgeesawor/.dbt', 'debug': 'False', 'fail_fast': 'False', 'log_path': 'logs', 'warn_error': 'None', 'version_check': 'True', 'use_colors': 'True', 'use_experimental_parser': 'False', 'no_print': 'None', 'quiet': 'False', 'warn_error_options': 'WarnErrorOptions(include=[], exclude=[])', 'invocation_command': 'dbt init', 'log_format': 'default', 'introspect': 'True', 'target_path': 'None', 'static_parser': 'True', 'send_anonymous_usage_stats': 'True'}
[0m10:47:17.584706 [debug] [MainThread]: Starter project path: /home/kgeesawor/.local/lib/python3.10/site-packages/dbt/include/starter_project
[0m10:47:17.589419 [info ] [MainThread]: 
Your new dbt project "dbt_project01" was created!

For more information on how to configure the profiles.yml file,
please consult the dbt documentation here:

  https://docs.getdbt.com/docs/configure-your-profile

One more thing:

Need help? Don't hesitate to reach out to us via GitHub issues or on Slack:

  https://community.getdbt.com/

Happy modeling!

[0m10:47:17.593393 [info ] [MainThread]: Setting up your profile.
[0m10:48:12.875602 [error] [MainThread]: Encountered an error:

[0m10:48:12.877876 [error] [MainThread]: Traceback (most recent call last):
  File "/home/kgeesawor/.local/lib/python3.10/site-packages/dbt/cli/requires.py", line 90, in wrapper
    result, success = func(*args, **kwargs)
  File "/home/kgeesawor/.local/lib/python3.10/site-packages/dbt/cli/requires.py", line 75, in wrapper
    return func(*args, **kwargs)
  File "/home/kgeesawor/.local/lib/python3.10/site-packages/dbt/cli/main.py", line 515, in init
    results = task.run()
  File "/home/kgeesawor/.local/lib/python3.10/site-packages/dbt/task/init.py", line 344, in run
    self.setup_profile(profile_name)
  File "/home/kgeesawor/.local/lib/python3.10/site-packages/dbt/task/init.py", line 263, in setup_profile
    adapter = self.ask_for_adapter_choice()
  File "/home/kgeesawor/.local/lib/python3.10/site-packages/dbt/task/init.py", line 244, in ask_for_adapter_choice
    numeric_choice = click.prompt(prompt_msg, type=click.INT)
  File "/home/kgeesawor/.local/lib/python3.10/site-packages/click/termui.py", line 164, in prompt
    value = prompt_func(prompt)
  File "/home/kgeesawor/.local/lib/python3.10/site-packages/click/termui.py", line 147, in prompt_func
    raise Abort() from None
click.exceptions.Abort

[0m10:48:12.880113 [debug] [MainThread]: Resource report: {"command_name": "init", "command_wall_clock_time": 62.009827, "process_user_time": 2.464968, "process_kernel_time": 0.137964, "process_mem_max_rss": "96012", "process_out_blocks": "88", "command_success": false, "process_in_blocks": "0"}
[0m10:48:12.881648 [debug] [MainThread]: Command `dbt init` failed at 10:48:12.881259 after 62.01 seconds
[0m10:48:12.882539 [debug] [MainThread]: Sending event: {'category': 'dbt', 'action': 'invocation', 'label': 'end', 'context': [<snowplow_tracker.self_describing_json.SelfDescribingJson object at 0x7ff7007eef80>, <snowplow_tracker.self_describing_json.SelfDescribingJson object at 0x7ff6fe6df220>, <snowplow_tracker.self_describing_json.SelfDescribingJson object at 0x7ff6fe6df6a0>]}
[0m10:48:12.883406 [debug] [MainThread]: Flushing usage events
[0m10:53:31.789109 [debug] [MainThread]: Sending event: {'category': 'dbt', 'action': 'invocation', 'label': 'start', 'context': [<snowplow_tracker.self_describing_json.SelfDescribingJson object at 0x7fa5e79add80>, <snowplow_tracker.self_describing_json.SelfDescribingJson object at 0x7fa5e589f2b0>, <snowplow_tracker.self_describing_json.SelfDescribingJson object at 0x7fa5e589f250>]}


============================== 10:53:31.796359 | bcdcffc3-79df-4bd9-b7f2-253cda83cd0e ==============================
[0m10:53:31.796359 [info ] [MainThread]: Running with dbt=1.7.2
[0m10:53:31.798373 [debug] [MainThread]: running dbt with arguments {'printer_width': '80', 'indirect_selection': 'eager', 'log_cache_events': 'False', 'write_json': 'True', 'partial_parse': 'True', 'cache_selected_only': 'False', 'profiles_dir': '/home/kgeesawor/.dbt', 'version_check': 'True', 'warn_error': 'None', 'log_path': 'logs', 'debug': 'False', 'fail_fast': 'False', 'use_colors': 'True', 'use_experimental_parser': 'False', 'no_print': 'None', 'quiet': 'False', 'log_format': 'default', 'invocation_command': 'dbt init', 'static_parser': 'True', 'introspect': 'True', 'target_path': 'None', 'warn_error_options': 'WarnErrorOptions(include=[], exclude=[])', 'send_anonymous_usage_stats': 'True'}
[0m10:53:51.199294 [debug] [MainThread]: Starter project path: /home/kgeesawor/.local/lib/python3.10/site-packages/dbt/include/starter_project
[0m10:53:51.204049 [info ] [MainThread]: 
Your new dbt project "dbt_project01" was created!

For more information on how to configure the profiles.yml file,
please consult the dbt documentation here:

  https://docs.getdbt.com/docs/configure-your-profile

One more thing:

Need help? Don't hesitate to reach out to us via GitHub issues or on Slack:

  https://community.getdbt.com/

Happy modeling!

[0m10:53:51.204903 [info ] [MainThread]: Setting up your profile.
[0m10:54:19.764368 [error] [MainThread]: Encountered an error:

[0m10:54:19.766921 [error] [MainThread]: Traceback (most recent call last):
  File "/home/kgeesawor/.local/lib/python3.10/site-packages/dbt/cli/requires.py", line 90, in wrapper
    result, success = func(*args, **kwargs)
  File "/home/kgeesawor/.local/lib/python3.10/site-packages/dbt/cli/requires.py", line 75, in wrapper
    return func(*args, **kwargs)
  File "/home/kgeesawor/.local/lib/python3.10/site-packages/dbt/cli/main.py", line 515, in init
    results = task.run()
  File "/home/kgeesawor/.local/lib/python3.10/site-packages/dbt/task/init.py", line 344, in run
    self.setup_profile(profile_name)
  File "/home/kgeesawor/.local/lib/python3.10/site-packages/dbt/task/init.py", line 263, in setup_profile
    adapter = self.ask_for_adapter_choice()
  File "/home/kgeesawor/.local/lib/python3.10/site-packages/dbt/task/init.py", line 244, in ask_for_adapter_choice
    numeric_choice = click.prompt(prompt_msg, type=click.INT)
  File "/home/kgeesawor/.local/lib/python3.10/site-packages/click/termui.py", line 164, in prompt
    value = prompt_func(prompt)
  File "/home/kgeesawor/.local/lib/python3.10/site-packages/click/termui.py", line 147, in prompt_func
    raise Abort() from None
click.exceptions.Abort

[0m10:54:19.770060 [debug] [MainThread]: Resource report: {"command_name": "init", "command_wall_clock_time": 47.982754, "process_user_time": 2.680444, "process_kernel_time": 0.101672, "process_mem_max_rss": "95992", "process_out_blocks": "88", "command_success": false, "process_in_blocks": "0"}
[0m10:54:19.771705 [debug] [MainThread]: Command `dbt init` failed at 10:54:19.771304 after 47.99 seconds
[0m10:54:19.772872 [debug] [MainThread]: Sending event: {'category': 'dbt', 'action': 'invocation', 'label': 'end', 'context': [<snowplow_tracker.self_describing_json.SelfDescribingJson object at 0x7fa5e79add80>, <snowplow_tracker.self_describing_json.SelfDescribingJson object at 0x7fa5e589f280>, <snowplow_tracker.self_describing_json.SelfDescribingJson object at 0x7fa5e589f700>]}
[0m10:54:19.774016 [debug] [MainThread]: Flushing usage events
[0m10:59:35.510187 [debug] [MainThread]: Sending event: {'category': 'dbt', 'action': 'invocation', 'label': 'start', 'context': [<snowplow_tracker.self_describing_json.SelfDescribingJson object at 0x7f78af665d80>, <snowplow_tracker.self_describing_json.SelfDescribingJson object at 0x7f78ad3691e0>, <snowplow_tracker.self_describing_json.SelfDescribingJson object at 0x7f78ad369180>]}


============================== 10:59:35.514882 | 51ad3c03-3824-464e-a7fe-715ae232ceda ==============================
[0m10:59:35.514882 [info ] [MainThread]: Running with dbt=1.7.4
[0m10:59:35.515826 [debug] [MainThread]: running dbt with arguments {'printer_width': '80', 'indirect_selection': 'eager', 'write_json': 'True', 'log_cache_events': 'False', 'partial_parse': 'True', 'cache_selected_only': 'False', 'warn_error': 'None', 'debug': 'False', 'version_check': 'True', 'log_path': 'logs', 'fail_fast': 'False', 'profiles_dir': '/home/kgeesawor/.dbt', 'use_colors': 'True', 'use_experimental_parser': 'False', 'no_print': 'None', 'quiet': 'False', 'warn_error_options': 'WarnErrorOptions(include=[], exclude=[])', 'introspect': 'True', 'static_parser': 'True', 'log_format': 'default', 'target_path': 'None', 'invocation_command': 'dbt init', 'send_anonymous_usage_stats': 'True'}
[0m10:59:43.651431 [debug] [MainThread]: Starter project path: /home/kgeesawor/.local/lib/python3.10/site-packages/dbt/include/starter_project
[0m10:59:43.655661 [info ] [MainThread]: 
Your new dbt project "dbt_project01" was created!

For more information on how to configure the profiles.yml file,
please consult the dbt documentation here:

  https://docs.getdbt.com/docs/configure-your-profile

One more thing:

Need help? Don't hesitate to reach out to us via GitHub issues or on Slack:

  https://community.getdbt.com/

Happy modeling!

[0m10:59:43.656320 [info ] [MainThread]: Setting up your profile.
[0m11:01:08.270876 [info ] [MainThread]: Profile dbt_project01 written to /home/kgeesawor/.dbt/profiles.yml using target's profile_template.yml and your supplied values. Run 'dbt debug' to validate the connection.
[0m11:01:08.273653 [debug] [MainThread]: Resource report: {"command_name": "init", "command_success": true, "command_wall_clock_time": 92.766304, "process_user_time": 2.521995, "process_kernel_time": 0.120095, "process_mem_max_rss": "100924", "process_out_blocks": "88", "process_in_blocks": "0"}
[0m11:01:08.274756 [debug] [MainThread]: Command `dbt init` succeeded at 11:01:08.274532 after 92.77 seconds
[0m11:01:08.275364 [debug] [MainThread]: Sending event: {'category': 'dbt', 'action': 'invocation', 'label': 'end', 'context': [<snowplow_tracker.self_describing_json.SelfDescribingJson object at 0x7f78af665d80>, <snowplow_tracker.self_describing_json.SelfDescribingJson object at 0x7f78b1acf8b0>, <snowplow_tracker.self_describing_json.SelfDescribingJson object at 0x7f78ad369120>]}
[0m11:01:08.276032 [debug] [MainThread]: Flushing usage events
[0m13:34:06.735562 [debug] [MainThread]: Sending event: {'category': 'dbt', 'action': 'invocation', 'label': 'start', 'context': [<snowplow_tracker.self_describing_json.SelfDescribingJson object at 0x7fb49acfbca0>, <snowplow_tracker.self_describing_json.SelfDescribingJson object at 0x7fb49b4435e0>, <snowplow_tracker.self_describing_json.SelfDescribingJson object at 0x7fb498a7ef20>]}


============================== 13:34:06.744201 | 5016a5af-fa99-43ae-848d-06de96b4f6b2 ==============================
[0m13:34:06.744201 [info ] [MainThread]: Running with dbt=1.7.4
[0m13:34:06.745224 [debug] [MainThread]: running dbt with arguments {'printer_width': '80', 'indirect_selection': 'eager', 'log_cache_events': 'False', 'write_json': 'True', 'partial_parse': 'True', 'cache_selected_only': 'False', 'warn_error': 'None', 'fail_fast': 'False', 'version_check': 'True', 'log_path': 'logs', 'profiles_dir': '/home/kgeesawor/.dbt', 'debug': 'False', 'use_colors': 'True', 'use_experimental_parser': 'False', 'no_print': 'None', 'quiet': 'False', 'log_format': 'default', 'static_parser': 'True', 'invocation_command': 'dbt init dbt_project01', 'warn_error_options': 'WarnErrorOptions(include=[], exclude=[])', 'target_path': 'None', 'introspect': 'True', 'send_anonymous_usage_stats': 'True'}
[0m13:34:06.746644 [debug] [MainThread]: Starter project path: /home/kgeesawor/.local/lib/python3.10/site-packages/dbt/include/starter_project
[0m13:34:06.758417 [info ] [MainThread]: 
Your new dbt project "dbt_project01" was created!

For more information on how to configure the profiles.yml file,
please consult the dbt documentation here:

  https://docs.getdbt.com/docs/configure-your-profile

One more thing:

Need help? Don't hesitate to reach out to us via GitHub issues or on Slack:

  https://community.getdbt.com/

Happy modeling!

[0m13:34:06.759480 [info ] [MainThread]: Setting up your profile.
[0m13:34:48.152650 [info ] [MainThread]: Profile dbt_project01 written to /home/kgeesawor/.dbt/profiles.yml using target's profile_template.yml and your supplied values. Run 'dbt debug' to validate the connection.
[0m13:34:48.158777 [debug] [MainThread]: Resource report: {"command_name": "init", "command_success": true, "command_wall_clock_time": 41.577015, "process_user_time": 3.069133, "process_kernel_time": 1.423634, "process_mem_max_rss": "101532", "process_out_blocks": "88", "process_in_blocks": "0"}
[0m13:34:48.160179 [debug] [MainThread]: Command `dbt init` succeeded at 13:34:48.159911 after 41.58 seconds
[0m13:34:48.161686 [debug] [MainThread]: Sending event: {'category': 'dbt', 'action': 'invocation', 'label': 'end', 'context': [<snowplow_tracker.self_describing_json.SelfDescribingJson object at 0x7fb49acfbca0>, <snowplow_tracker.self_describing_json.SelfDescribingJson object at 0x7fb498a7dd80>, <snowplow_tracker.self_describing_json.SelfDescribingJson object at 0x7fb498a7dc90>]}
[0m13:34:48.162294 [debug] [MainThread]: Flushing usage events
[0m14:43:02.801924 [debug] [MainThread]: Sending event: {'category': 'dbt', 'action': 'invocation', 'label': 'start', 'context': [<snowplow_tracker.self_describing_json.SelfDescribingJson object at 0x7fe65f66bc10>, <snowplow_tracker.self_describing_json.SelfDescribingJson object at 0x7fe65fdb35b0>, <snowplow_tracker.self_describing_json.SelfDescribingJson object at 0x7fe65d3ef520>]}


============================== 14:43:02.806940 | 1b071f25-bf51-4527-bd85-ac859075039b ==============================
[0m14:43:02.806940 [info ] [MainThread]: Running with dbt=1.7.4
[0m14:43:02.808240 [debug] [MainThread]: running dbt with arguments {'printer_width': '80', 'indirect_selection': 'eager', 'write_json': 'True', 'log_cache_events': 'False', 'partial_parse': 'True', 'cache_selected_only': 'False', 'profiles_dir': '/home/kgeesawor/.dbt', 'fail_fast': 'False', 'debug': 'False', 'log_path': 'logs', 'warn_error': 'None', 'version_check': 'True', 'use_colors': 'True', 'use_experimental_parser': 'False', 'no_print': 'None', 'quiet': 'False', 'log_format': 'default', 'static_parser': 'True', 'warn_error_options': 'WarnErrorOptions(include=[], exclude=[])', 'introspect': 'True', 'target_path': 'None', 'invocation_command': 'dbt init project01', 'send_anonymous_usage_stats': 'True'}
[0m14:43:02.809695 [debug] [MainThread]: Starter project path: /home/kgeesawor/.local/lib/python3.10/site-packages/dbt/include/starter_project
[0m14:43:02.815280 [info ] [MainThread]: 
Your new dbt project "project01" was created!

For more information on how to configure the profiles.yml file,
please consult the dbt documentation here:

  https://docs.getdbt.com/docs/configure-your-profile

One more thing:

Need help? Don't hesitate to reach out to us via GitHub issues or on Slack:

  https://community.getdbt.com/

Happy modeling!

[0m14:43:02.816306 [info ] [MainThread]: Setting up your profile.
[0m14:43:26.289825 [info ] [MainThread]: Profile project01 written to /home/kgeesawor/.dbt/profiles.yml using target's profile_template.yml and your supplied values. Run 'dbt debug' to validate the connection.
[0m14:43:26.291801 [debug] [MainThread]: Resource report: {"command_name": "init", "command_success": true, "command_wall_clock_time": 23.594774, "process_user_time": 2.893599, "process_kernel_time": 0.433118, "process_mem_max_rss": "101496", "process_out_blocks": "80", "process_in_blocks": "0"}
[0m14:43:26.292569 [debug] [MainThread]: Command `dbt init` succeeded at 14:43:26.292398 after 23.60 seconds
[0m14:43:26.293020 [debug] [MainThread]: Sending event: {'category': 'dbt', 'action': 'invocation', 'label': 'end', 'context': [<snowplow_tracker.self_describing_json.SelfDescribingJson object at 0x7fe65f66bc10>, <snowplow_tracker.self_describing_json.SelfDescribingJson object at 0x7fe65d3eea40>, <snowplow_tracker.self_describing_json.SelfDescribingJson object at 0x7fe65d3eceb0>]}
[0m14:43:26.293518 [debug] [MainThread]: Flushing usage events
[0m14:44:01.974133 [debug] [MainThread]: Sending event: {'category': 'dbt', 'action': 'invocation', 'label': 'start', 'context': [<snowplow_tracker.self_describing_json.SelfDescribingJson object at 0x7f7c7f023c10>, <snowplow_tracker.self_describing_json.SelfDescribingJson object at 0x7f7c7f76b5b0>, <snowplow_tracker.self_describing_json.SelfDescribingJson object at 0x7f7c7cd97520>]}


============================== 14:44:01.977789 | 61ed6306-8a72-4a7d-bb06-e36b558135e8 ==============================
[0m14:44:01.977789 [info ] [MainThread]: Running with dbt=1.7.4
[0m14:44:01.978587 [debug] [MainThread]: running dbt with arguments {'printer_width': '80', 'indirect_selection': 'eager', 'write_json': 'True', 'log_cache_events': 'False', 'partial_parse': 'True', 'cache_selected_only': 'False', 'profiles_dir': '/home/kgeesawor/.dbt', 'debug': 'False', 'warn_error': 'None', 'log_path': 'logs', 'version_check': 'True', 'fail_fast': 'False', 'use_colors': 'True', 'use_experimental_parser': 'False', 'no_print': 'None', 'quiet': 'False', 'warn_error_options': 'WarnErrorOptions(include=[], exclude=[])', 'static_parser': 'True', 'log_format': 'default', 'invocation_command': 'dbt debug', 'target_path': 'None', 'introspect': 'True', 'send_anonymous_usage_stats': 'True'}
[0m14:44:01.979581 [info ] [MainThread]: dbt version: 1.7.4
[0m14:44:01.980129 [info ] [MainThread]: python version: 3.10.12
[0m14:44:01.981021 [info ] [MainThread]: python path: /usr/bin/python3
[0m14:44:01.981770 [info ] [MainThread]: os info: Linux-5.15.133.1-microsoft-standard-WSL2-x86_64-with-glibc2.35
[0m14:44:02.154297 [info ] [MainThread]: Using profiles dir at /home/kgeesawor/.dbt
[0m14:44:02.155024 [info ] [MainThread]: Using profiles.yml file at /home/kgeesawor/.dbt/profiles.yml
[0m14:44:02.155882 [info ] [MainThread]: Using dbt_project.yml file at /home/kgeesawor/git/dbt_project.yml
[0m14:44:02.156940 [error] [MainThread]: Encountered an error:
Internal Error
  Profile should not be None if loading profile completed
[0m14:44:02.159215 [debug] [MainThread]: Resource report: {"command_name": "debug", "command_wall_clock_time": 0.28100562, "process_user_time": 2.691477, "process_kernel_time": 0.138735, "process_mem_max_rss": "102204", "process_out_blocks": "16", "command_success": false, "process_in_blocks": "0"}
[0m14:44:02.160535 [debug] [MainThread]: Command `dbt debug` failed at 14:44:02.160289 after 0.28 seconds
[0m14:44:02.161102 [debug] [MainThread]: Sending event: {'category': 'dbt', 'action': 'invocation', 'label': 'end', 'context': [<snowplow_tracker.self_describing_json.SelfDescribingJson object at 0x7f7c7f023c10>, <snowplow_tracker.self_describing_json.SelfDescribingJson object at 0x7f7c7cd95bd0>, <snowplow_tracker.self_describing_json.SelfDescribingJson object at 0x7f7c7cd55a80>]}
[0m14:44:02.161613 [debug] [MainThread]: Flushing usage events
[0m14:46:39.875575 [debug] [MainThread]: Sending event: {'category': 'dbt', 'action': 'invocation', 'label': 'start', 'context': [<snowplow_tracker.self_describing_json.SelfDescribingJson object at 0x7f00207adcf0>, <snowplow_tracker.self_describing_json.SelfDescribingJson object at 0x7f0020f0b580>, <snowplow_tracker.self_describing_json.SelfDescribingJson object at 0x7f001e51d2d0>]}


============================== 14:46:39.879203 | 5234eea8-6162-4dd2-8f0c-22fbe54318d6 ==============================
[0m14:46:39.879203 [info ] [MainThread]: Running with dbt=1.7.4
[0m14:46:39.880237 [debug] [MainThread]: running dbt with arguments {'printer_width': '80', 'indirect_selection': 'eager', 'write_json': 'True', 'log_cache_events': 'False', 'partial_parse': 'True', 'cache_selected_only': 'False', 'profiles_dir': '/home/kgeesawor/.dbt', 'fail_fast': 'False', 'warn_error': 'None', 'log_path': 'logs', 'debug': 'False', 'version_check': 'True', 'use_colors': 'True', 'use_experimental_parser': 'False', 'no_print': 'None', 'quiet': 'False', 'log_format': 'default', 'invocation_command': 'dbt debug', 'introspect': 'True', 'warn_error_options': 'WarnErrorOptions(include=[], exclude=[])', 'target_path': 'None', 'static_parser': 'True', 'send_anonymous_usage_stats': 'True'}
[0m14:46:39.881168 [info ] [MainThread]: dbt version: 1.7.4
[0m14:46:39.881778 [info ] [MainThread]: python version: 3.10.12
[0m14:46:39.882699 [info ] [MainThread]: python path: /usr/bin/python3
[0m14:46:39.883663 [info ] [MainThread]: os info: Linux-5.15.133.1-microsoft-standard-WSL2-x86_64-with-glibc2.35
[0m14:46:40.076755 [info ] [MainThread]: Using profiles dir at /home/kgeesawor/.dbt
[0m14:46:40.077646 [info ] [MainThread]: Using profiles.yml file at /home/kgeesawor/.dbt/profiles.yml
[0m14:46:40.078600 [info ] [MainThread]: Using dbt_project.yml file at /home/kgeesawor/git/dbt_project.yml
[0m14:46:40.079935 [info ] [MainThread]: adapter type: postgres
[0m14:46:40.080679 [info ] [MainThread]: adapter version: 1.7.4
[0m14:46:40.081534 [info ] [MainThread]: Configuration:
[0m14:46:40.082478 [info ] [MainThread]:   profiles.yml file [[32mOK found and valid[0m]
[0m14:46:40.083326 [info ] [MainThread]:   dbt_project.yml file [[31mERROR not found[0m]
[0m14:46:40.084483 [info ] [MainThread]: Required dependencies:
[0m14:46:40.085351 [debug] [MainThread]: Executing "git --help"
[0m14:46:40.112423 [debug] [MainThread]: STDOUT: "b"usage: git [--version] [--help] [-C <path>] [-c <name>=<value>]\n           [--exec-path[=<path>]] [--html-path] [--man-path] [--info-path]\n           [-p | --paginate | -P | --no-pager] [--no-replace-objects] [--bare]\n           [--git-dir=<path>] [--work-tree=<path>] [--namespace=<name>]\n           [--super-prefix=<path>] [--config-env=<name>=<envvar>]\n           <command> [<args>]\n\nThese are common Git commands used in various situations:\n\nstart a working area (see also: git help tutorial)\n   clone     Clone a repository into a new directory\n   init      Create an empty Git repository or reinitialize an existing one\n\nwork on the current change (see also: git help everyday)\n   add       Add file contents to the index\n   mv        Move or rename a file, a directory, or a symlink\n   restore   Restore working tree files\n   rm        Remove files from the working tree and from the index\n\nexamine the history and state (see also: git help revisions)\n   bisect    Use binary search to find the commit that introduced a bug\n   diff      Show changes between commits, commit and working tree, etc\n   grep      Print lines matching a pattern\n   log       Show commit logs\n   show      Show various types of objects\n   status    Show the working tree status\n\ngrow, mark and tweak your common history\n   branch    List, create, or delete branches\n   commit    Record changes to the repository\n   merge     Join two or more development histories together\n   rebase    Reapply commits on top of another base tip\n   reset     Reset current HEAD to the specified state\n   switch    Switch branches\n   tag       Create, list, delete or verify a tag object signed with GPG\n\ncollaborate (see also: git help workflows)\n   fetch     Download objects and refs from another repository\n   pull      Fetch from and integrate with another repository or a local branch\n   push      Update remote refs along with associated objects\n\n'git help -a' and 'git help -g' list available subcommands and some\nconcept guides. See 'git help <command>' or 'git help <concept>'\nto read about a specific subcommand or concept.\nSee 'git help git' for an overview of the system.\n""
[0m14:46:40.113043 [debug] [MainThread]: STDERR: "b''"
[0m14:46:40.113460 [info ] [MainThread]:  - git [[32mOK found[0m]

[0m14:46:40.114054 [info ] [MainThread]: Connection:
[0m14:46:40.114836 [info ] [MainThread]:   host: localhost
[0m14:46:40.115894 [info ] [MainThread]:   port: 5432
[0m14:46:40.117053 [info ] [MainThread]:   user: admin
[0m14:46:40.117846 [info ] [MainThread]:   database: db
[0m14:46:40.118831 [info ] [MainThread]:   schema: data
[0m14:46:40.119868 [info ] [MainThread]:   connect_timeout: 10
[0m14:46:40.121143 [info ] [MainThread]:   role: None
[0m14:46:40.122846 [info ] [MainThread]:   search_path: None
[0m14:46:40.124495 [info ] [MainThread]:   keepalives_idle: 0
[0m14:46:40.126178 [info ] [MainThread]:   sslmode: None
[0m14:46:40.127674 [info ] [MainThread]:   sslcert: None
[0m14:46:40.129100 [info ] [MainThread]:   sslkey: None
[0m14:46:40.130305 [info ] [MainThread]:   sslrootcert: None
[0m14:46:40.131554 [info ] [MainThread]:   application_name: dbt
[0m14:46:40.132873 [info ] [MainThread]:   retries: 1
[0m14:46:40.134060 [info ] [MainThread]: Registered adapter: postgres=1.7.4
[0m14:46:40.144450 [debug] [MainThread]: Acquiring new postgres connection 'debug'
[0m14:46:40.145490 [debug] [MainThread]: Using postgres connection "debug"
[0m14:46:40.146009 [debug] [MainThread]: On debug: select 1 as id
[0m14:46:40.146438 [debug] [MainThread]: Opening a new connection, currently in state init
[0m14:46:40.180887 [debug] [MainThread]: Postgres adapter: Got a retryable error when attempting to open a postgres connection.
1 attempts remaining. Retrying in 0 seconds.
Error:
connection to server at "localhost" (127.0.0.1), port 5432 failed: Connection refused
	Is the server running on that host and accepting TCP/IP connections?

[0m14:46:40.182682 [debug] [MainThread]: Postgres adapter: Error running SQL: select 1 as id
[0m14:46:40.183435 [debug] [MainThread]: Postgres adapter: Rolling back transaction.
[0m14:46:40.184026 [debug] [MainThread]: On debug: No close available on handle
[0m14:46:40.184454 [info ] [MainThread]:   Connection test: [[31mERROR[0m]

[0m14:46:40.185075 [info ] [MainThread]: [31m2 checks failed:[0m
[0m14:46:40.185913 [info ] [MainThread]: Project loading failed for the following reason:
 project path </home/kgeesawor/git/dbt_project.yml> not found

[0m14:46:40.186785 [info ] [MainThread]: dbt was unable to connect to the specified database.
The database returned the following error:

  >Database Error
  connection to server at "localhost" (127.0.0.1), port 5432 failed: Connection refused
  	Is the server running on that host and accepting TCP/IP connections?
  

Check your database credentials and try again. For more information, visit:
https://docs.getdbt.com/docs/configure-your-profile


[0m14:46:40.188800 [debug] [MainThread]: Resource report: {"command_name": "debug", "command_wall_clock_time": 0.4201857, "process_user_time": 3.108878, "process_kernel_time": 0.259073, "process_mem_max_rss": "102728", "process_out_blocks": "24", "command_success": false, "process_in_blocks": "0"}
[0m14:46:40.190319 [debug] [MainThread]: Command `dbt debug` failed at 14:46:40.189903 after 0.42 seconds
[0m14:46:40.191469 [debug] [MainThread]: Connection 'debug' was properly closed.
[0m14:46:40.192655 [debug] [MainThread]: Sending event: {'category': 'dbt', 'action': 'invocation', 'label': 'end', 'context': [<snowplow_tracker.self_describing_json.SelfDescribingJson object at 0x7f00207adcf0>, <snowplow_tracker.self_describing_json.SelfDescribingJson object at 0x7f001e433400>, <snowplow_tracker.self_describing_json.SelfDescribingJson object at 0x7f001e433b80>]}
[0m14:46:40.193252 [debug] [MainThread]: Flushing usage events
[0m19:11:53.748720 [debug] [MainThread]: Sending event: {'category': 'dbt', 'action': 'invocation', 'label': 'start', 'context': [<snowplow_tracker.self_describing_json.SelfDescribingJson object at 0x7f963aec5cf0>, <snowplow_tracker.self_describing_json.SelfDescribingJson object at 0x7f963b60f580>, <snowplow_tracker.self_describing_json.SelfDescribingJson object at 0x7f9638c41270>]}


============================== 19:11:53.759716 | eb02d1c1-3667-473f-a89e-bd8537d2536c ==============================
[0m19:11:53.759716 [info ] [MainThread]: Running with dbt=1.7.4
[0m19:11:53.760517 [debug] [MainThread]: running dbt with arguments {'printer_width': '80', 'indirect_selection': 'eager', 'write_json': 'True', 'log_cache_events': 'False', 'partial_parse': 'True', 'cache_selected_only': 'False', 'warn_error': 'None', 'version_check': 'True', 'fail_fast': 'False', 'log_path': 'logs', 'debug': 'False', 'profiles_dir': '/home/kgeesawor/.dbt', 'use_colors': 'True', 'use_experimental_parser': 'False', 'no_print': 'None', 'quiet': 'False', 'log_format': 'default', 'invocation_command': 'dbt run', 'introspect': 'True', 'static_parser': 'True', 'target_path': 'None', 'warn_error_options': 'WarnErrorOptions(include=[], exclude=[])', 'send_anonymous_usage_stats': 'True'}
[0m19:11:53.761571 [error] [MainThread]: Encountered an error:
Runtime Error
  No dbt_project.yml found at expected path /home/kgeesawor/git/dbt_project.yml
  Verify that each entry within packages.yml (and their transitive dependencies) contains a file named dbt_project.yml
  
[0m19:11:53.763889 [debug] [MainThread]: Resource report: {"command_name": "run", "command_wall_clock_time": 0.175453, "process_user_time": 3.816161, "process_kernel_time": 3.756064, "process_mem_max_rss": "97048", "process_in_blocks": "2040", "process_out_blocks": "8", "command_success": false}
[0m19:11:53.764697 [debug] [MainThread]: Command `dbt run` failed at 19:11:53.764516 after 0.18 seconds
[0m19:11:53.765167 [debug] [MainThread]: Sending event: {'category': 'dbt', 'action': 'invocation', 'label': 'end', 'context': [<snowplow_tracker.self_describing_json.SelfDescribingJson object at 0x7f963aec5cf0>, <snowplow_tracker.self_describing_json.SelfDescribingJson object at 0x7f9638c421a0>, <snowplow_tracker.self_describing_json.SelfDescribingJson object at 0x7f9638c43df0>]}
[0m19:11:53.765667 [debug] [MainThread]: Flushing usage events
[0m19:13:20.155691 [debug] [MainThread]: Sending event: {'category': 'dbt', 'action': 'invocation', 'label': 'start', 'context': [<snowplow_tracker.self_describing_json.SelfDescribingJson object at 0x7f2284793c10>, <snowplow_tracker.self_describing_json.SelfDescribingJson object at 0x7f2284eef5b0>, <snowplow_tracker.self_describing_json.SelfDescribingJson object at 0x7f228250b490>]}


============================== 19:13:20.158686 | c872c35e-f48c-4310-8e73-6fe9afb145f8 ==============================
[0m19:13:20.158686 [info ] [MainThread]: Running with dbt=1.7.4
[0m19:13:20.159435 [debug] [MainThread]: running dbt with arguments {'printer_width': '80', 'indirect_selection': 'eager', 'log_cache_events': 'False', 'write_json': 'True', 'partial_parse': 'True', 'cache_selected_only': 'False', 'warn_error': 'None', 'debug': 'False', 'version_check': 'True', 'log_path': 'logs', 'profiles_dir': '/home/kgeesawor/.dbt', 'fail_fast': 'False', 'use_colors': 'True', 'use_experimental_parser': 'False', 'no_print': 'None', 'quiet': 'False', 'log_format': 'default', 'introspect': 'True', 'invocation_command': 'dbt run', 'static_parser': 'True', 'target_path': 'None', 'warn_error_options': 'WarnErrorOptions(include=[], exclude=[])', 'send_anonymous_usage_stats': 'True'}
[0m19:13:20.160023 [error] [MainThread]: Encountered an error:
Runtime Error
  No dbt_project.yml found at expected path /home/kgeesawor/git/dbt_project.yml
  Verify that each entry within packages.yml (and their transitive dependencies) contains a file named dbt_project.yml
  
[0m19:13:20.161070 [debug] [MainThread]: Resource report: {"command_name": "run", "command_wall_clock_time": 0.113444306, "process_user_time": 2.46257, "process_kernel_time": 0.24222, "process_mem_max_rss": "97008", "process_out_blocks": "8", "command_success": false, "process_in_blocks": "0"}
[0m19:13:20.161674 [debug] [MainThread]: Command `dbt run` failed at 19:13:20.161524 after 0.11 seconds
[0m19:13:20.162075 [debug] [MainThread]: Sending event: {'category': 'dbt', 'action': 'invocation', 'label': 'end', 'context': [<snowplow_tracker.self_describing_json.SelfDescribingJson object at 0x7f2284793c10>, <snowplow_tracker.self_describing_json.SelfDescribingJson object at 0x7f228250a4a0>, <snowplow_tracker.self_describing_json.SelfDescribingJson object at 0x7f228250a3e0>]}
[0m19:13:20.162510 [debug] [MainThread]: Flushing usage events
[0m19:23:48.255377 [debug] [MainThread]: Sending event: {'category': 'dbt', 'action': 'invocation', 'label': 'start', 'context': [<snowplow_tracker.self_describing_json.SelfDescribingJson object at 0x7f0bad717ca0>, <snowplow_tracker.self_describing_json.SelfDescribingJson object at 0x7f0bade735e0>, <snowplow_tracker.self_describing_json.SelfDescribingJson object at 0x7f0bab4909a0>]}


============================== 19:23:48.259715 | 51a0ac9b-46cb-4eee-ae15-557b2a5695cd ==============================
[0m19:23:48.259715 [info ] [MainThread]: Running with dbt=1.7.4
[0m19:23:48.260617 [debug] [MainThread]: running dbt with arguments {'printer_width': '80', 'indirect_selection': 'eager', 'log_cache_events': 'False', 'write_json': 'True', 'partial_parse': 'True', 'cache_selected_only': 'False', 'warn_error': 'None', 'fail_fast': 'False', 'profiles_dir': '/home/kgeesawor/.dbt', 'log_path': 'logs', 'debug': 'False', 'version_check': 'True', 'use_colors': 'True', 'use_experimental_parser': 'False', 'no_print': 'None', 'quiet': 'False', 'log_format': 'default', 'introspect': 'True', 'invocation_command': 'dbt init', 'warn_error_options': 'WarnErrorOptions(include=[], exclude=[])', 'target_path': 'None', 'static_parser': 'True', 'send_anonymous_usage_stats': 'True'}
[0m19:23:51.444006 [debug] [MainThread]: Starter project path: /home/kgeesawor/.local/lib/python3.10/site-packages/dbt/include/starter_project
[0m19:23:51.491824 [info ] [MainThread]: 
Your new dbt project "project01" was created!

For more information on how to configure the profiles.yml file,
please consult the dbt documentation here:

  https://docs.getdbt.com/docs/configure-your-profile

One more thing:

Need help? Don't hesitate to reach out to us via GitHub issues or on Slack:

  https://community.getdbt.com/

Happy modeling!

[0m19:23:51.492522 [info ] [MainThread]: Setting up your profile.
[0m19:24:26.820389 [info ] [MainThread]: Profile project01 written to /home/kgeesawor/.dbt/profiles.yml using target's profile_template.yml and your supplied values. Run 'dbt debug' to validate the connection.
[0m19:24:26.822057 [debug] [MainThread]: Resource report: {"command_name": "init", "command_success": true, "command_wall_clock_time": 38.65132, "process_user_time": 2.846697, "process_kernel_time": 0.211239, "process_mem_max_rss": "101364", "process_in_blocks": "1632", "process_out_blocks": "88"}
[0m19:24:26.823269 [debug] [MainThread]: Command `dbt init` succeeded at 19:24:26.823004 after 38.65 seconds
[0m19:24:26.824398 [debug] [MainThread]: Sending event: {'category': 'dbt', 'action': 'invocation', 'label': 'end', 'context': [<snowplow_tracker.self_describing_json.SelfDescribingJson object at 0x7f0bad717ca0>, <snowplow_tracker.self_describing_json.SelfDescribingJson object at 0x7f0bab492a40>, <snowplow_tracker.self_describing_json.SelfDescribingJson object at 0x7f0bab490c10>]}
[0m19:24:26.825366 [debug] [MainThread]: Flushing usage events
[0m19:24:40.085442 [debug] [MainThread]: Sending event: {'category': 'dbt', 'action': 'invocation', 'label': 'start', 'context': [<snowplow_tracker.self_describing_json.SelfDescribingJson object at 0x7f2ee3b51d80>, <snowplow_tracker.self_describing_json.SelfDescribingJson object at 0x7f2ee42af550>, <snowplow_tracker.self_describing_json.SelfDescribingJson object at 0x7f2ee18cae60>]}


============================== 19:24:40.088201 | 5a42090a-aea9-41f4-9cc0-f781895a399a ==============================
[0m19:24:40.088201 [info ] [MainThread]: Running with dbt=1.7.4
[0m19:24:40.088917 [debug] [MainThread]: running dbt with arguments {'printer_width': '80', 'indirect_selection': 'eager', 'write_json': 'True', 'log_cache_events': 'False', 'partial_parse': 'True', 'cache_selected_only': 'False', 'warn_error': 'None', 'version_check': 'True', 'profiles_dir': '/home/kgeesawor/.dbt', 'log_path': 'logs', 'fail_fast': 'False', 'debug': 'False', 'use_colors': 'True', 'use_experimental_parser': 'False', 'no_print': 'None', 'quiet': 'False', 'warn_error_options': 'WarnErrorOptions(include=[], exclude=[])', 'static_parser': 'True', 'introspect': 'True', 'invocation_command': 'dbt debug', 'target_path': 'None', 'log_format': 'default', 'send_anonymous_usage_stats': 'True'}
[0m19:24:40.090129 [info ] [MainThread]: dbt version: 1.7.4
[0m19:24:40.091039 [info ] [MainThread]: python version: 3.10.12
[0m19:24:40.091798 [info ] [MainThread]: python path: /usr/bin/python3
[0m19:24:40.092668 [info ] [MainThread]: os info: Linux-5.15.133.1-microsoft-standard-WSL2-x86_64-with-glibc2.35
[0m19:24:40.267658 [info ] [MainThread]: Using profiles dir at /home/kgeesawor/.dbt
[0m19:24:40.268349 [info ] [MainThread]: Using profiles.yml file at /home/kgeesawor/.dbt/profiles.yml
[0m19:24:40.268965 [info ] [MainThread]: Using dbt_project.yml file at /home/kgeesawor/git/dbt_project.yml
[0m19:24:40.269989 [info ] [MainThread]: adapter type: postgres
[0m19:24:40.270496 [info ] [MainThread]: adapter version: 1.7.4
[0m19:24:40.271016 [info ] [MainThread]: Configuration:
[0m19:24:40.271586 [info ] [MainThread]:   profiles.yml file [[32mOK found and valid[0m]
[0m19:24:40.272194 [info ] [MainThread]:   dbt_project.yml file [[31mERROR not found[0m]
[0m19:24:40.273875 [info ] [MainThread]: Required dependencies:
[0m19:24:40.275122 [debug] [MainThread]: Executing "git --help"
[0m19:24:40.312636 [debug] [MainThread]: STDOUT: "b"usage: git [--version] [--help] [-C <path>] [-c <name>=<value>]\n           [--exec-path[=<path>]] [--html-path] [--man-path] [--info-path]\n           [-p | --paginate | -P | --no-pager] [--no-replace-objects] [--bare]\n           [--git-dir=<path>] [--work-tree=<path>] [--namespace=<name>]\n           [--super-prefix=<path>] [--config-env=<name>=<envvar>]\n           <command> [<args>]\n\nThese are common Git commands used in various situations:\n\nstart a working area (see also: git help tutorial)\n   clone     Clone a repository into a new directory\n   init      Create an empty Git repository or reinitialize an existing one\n\nwork on the current change (see also: git help everyday)\n   add       Add file contents to the index\n   mv        Move or rename a file, a directory, or a symlink\n   restore   Restore working tree files\n   rm        Remove files from the working tree and from the index\n\nexamine the history and state (see also: git help revisions)\n   bisect    Use binary search to find the commit that introduced a bug\n   diff      Show changes between commits, commit and working tree, etc\n   grep      Print lines matching a pattern\n   log       Show commit logs\n   show      Show various types of objects\n   status    Show the working tree status\n\ngrow, mark and tweak your common history\n   branch    List, create, or delete branches\n   commit    Record changes to the repository\n   merge     Join two or more development histories together\n   rebase    Reapply commits on top of another base tip\n   reset     Reset current HEAD to the specified state\n   switch    Switch branches\n   tag       Create, list, delete or verify a tag object signed with GPG\n\ncollaborate (see also: git help workflows)\n   fetch     Download objects and refs from another repository\n   pull      Fetch from and integrate with another repository or a local branch\n   push      Update remote refs along with associated objects\n\n'git help -a' and 'git help -g' list available subcommands and some\nconcept guides. See 'git help <command>' or 'git help <concept>'\nto read about a specific subcommand or concept.\nSee 'git help git' for an overview of the system.\n""
[0m19:24:40.313298 [debug] [MainThread]: STDERR: "b''"
[0m19:24:40.313657 [info ] [MainThread]:  - git [[32mOK found[0m]

[0m19:24:40.314230 [info ] [MainThread]: Connection:
[0m19:24:40.315003 [info ] [MainThread]:   host: localhost
[0m19:24:40.316074 [info ] [MainThread]:   port: 5432
[0m19:24:40.317166 [info ] [MainThread]:   user: airflow
[0m19:24:40.318139 [info ] [MainThread]:   database: airflow
[0m19:24:40.319239 [info ] [MainThread]:   schema: public
[0m19:24:40.320279 [info ] [MainThread]:   connect_timeout: 10
[0m19:24:40.321418 [info ] [MainThread]:   role: None
[0m19:24:40.322380 [info ] [MainThread]:   search_path: None
[0m19:24:40.324013 [info ] [MainThread]:   keepalives_idle: 0
[0m19:24:40.325485 [info ] [MainThread]:   sslmode: None
[0m19:24:40.326976 [info ] [MainThread]:   sslcert: None
[0m19:24:40.327755 [info ] [MainThread]:   sslkey: None
[0m19:24:40.328590 [info ] [MainThread]:   sslrootcert: None
[0m19:24:40.329465 [info ] [MainThread]:   application_name: dbt
[0m19:24:40.330387 [info ] [MainThread]:   retries: 1
[0m19:24:40.331460 [info ] [MainThread]: Registered adapter: postgres=1.7.4
[0m19:24:40.334426 [debug] [MainThread]: Acquiring new postgres connection 'debug'
[0m19:24:40.335604 [debug] [MainThread]: Using postgres connection "debug"
[0m19:24:40.336362 [debug] [MainThread]: On debug: select 1 as id
[0m19:24:40.336878 [debug] [MainThread]: Opening a new connection, currently in state init
[0m19:24:40.452295 [debug] [MainThread]: SQL status: SELECT 1 in 0.0 seconds
[0m19:24:40.453786 [debug] [MainThread]: On debug: Close
[0m19:24:40.454478 [info ] [MainThread]:   Connection test: [[32mOK connection ok[0m]

[0m19:24:40.455085 [info ] [MainThread]: [31m1 check failed:[0m
[0m19:24:40.455784 [info ] [MainThread]: Project loading failed for the following reason:
 project path </home/kgeesawor/git/dbt_project.yml> not found

[0m19:24:40.458282 [debug] [MainThread]: Resource report: {"command_name": "debug", "command_wall_clock_time": 0.45632023, "process_user_time": 2.8622, "process_kernel_time": 0.108941, "process_mem_max_rss": "104824", "process_in_blocks": "4600", "process_out_blocks": "8", "command_success": false}
[0m19:24:40.459386 [debug] [MainThread]: Command `dbt debug` failed at 19:24:40.459141 after 0.46 seconds
[0m19:24:40.459940 [debug] [MainThread]: Connection 'debug' was properly closed.
[0m19:24:40.460462 [debug] [MainThread]: Sending event: {'category': 'dbt', 'action': 'invocation', 'label': 'end', 'context': [<snowplow_tracker.self_describing_json.SelfDescribingJson object at 0x7f2ee3b51d80>, <snowplow_tracker.self_describing_json.SelfDescribingJson object at 0x7f2ee17d5ea0>, <snowplow_tracker.self_describing_json.SelfDescribingJson object at 0x7f2ee17d6a10>]}
[0m19:24:40.461063 [debug] [MainThread]: Flushing usage events
[0m20:14:02.201240 [debug] [MainThread]: Sending event: {'category': 'dbt', 'action': 'invocation', 'label': 'start', 'context': [<snowplow_tracker.self_describing_json.SelfDescribingJson object at 0x7f80b1313730>, <snowplow_tracker.self_describing_json.SelfDescribingJson object at 0x7f80b1a5f520>, <snowplow_tracker.self_describing_json.SelfDescribingJson object at 0x7f80af09c820>]}


============================== 20:14:02.208548 | 93f5b3fe-8dcf-4241-9902-d9b70e733274 ==============================
[0m20:14:02.208548 [info ] [MainThread]: Running with dbt=1.7.4
[0m20:14:02.209185 [debug] [MainThread]: running dbt with arguments {'printer_width': '80', 'indirect_selection': 'eager', 'write_json': 'True', 'log_cache_events': 'False', 'partial_parse': 'True', 'cache_selected_only': 'False', 'warn_error': 'None', 'debug': 'False', 'fail_fast': 'False', 'log_path': 'logs', 'version_check': 'True', 'profiles_dir': '/home/kgeesawor/.dbt', 'use_colors': 'True', 'use_experimental_parser': 'False', 'no_print': 'None', 'quiet': 'False', 'log_format': 'default', 'static_parser': 'True', 'warn_error_options': 'WarnErrorOptions(include=[], exclude=[])', 'introspect': 'True', 'target_path': 'None', 'invocation_command': 'dbt init', 'send_anonymous_usage_stats': 'True'}
[0m20:14:04.459174 [debug] [MainThread]: Starter project path: /home/kgeesawor/.local/lib/python3.10/site-packages/dbt/include/starter_project
[0m20:14:04.477610 [info ] [MainThread]: 
Your new dbt project "app" was created!

For more information on how to configure the profiles.yml file,
please consult the dbt documentation here:

  https://docs.getdbt.com/docs/configure-your-profile

One more thing:

Need help? Don't hesitate to reach out to us via GitHub issues or on Slack:

  https://community.getdbt.com/

Happy modeling!

[0m20:14:04.478724 [info ] [MainThread]: Setting up your profile.
[0m20:14:23.434553 [info ] [MainThread]: Profile app written to /home/kgeesawor/.dbt/profiles.yml using target's profile_template.yml and your supplied values. Run 'dbt debug' to validate the connection.
[0m20:14:23.436469 [debug] [MainThread]: Resource report: {"command_name": "init", "command_success": true, "command_wall_clock_time": 21.330887, "process_user_time": 3.383352, "process_kernel_time": 1.067901, "process_mem_max_rss": "101176", "process_in_blocks": "32", "process_out_blocks": "80"}
[0m20:14:23.437434 [debug] [MainThread]: Command `dbt init` succeeded at 20:14:23.437218 after 21.33 seconds
[0m20:14:23.437990 [debug] [MainThread]: Sending event: {'category': 'dbt', 'action': 'invocation', 'label': 'end', 'context': [<snowplow_tracker.self_describing_json.SelfDescribingJson object at 0x7f80b1313730>, <snowplow_tracker.self_describing_json.SelfDescribingJson object at 0x7f80af09d7b0>, <snowplow_tracker.self_describing_json.SelfDescribingJson object at 0x7f80af09c130>]}
[0m20:14:23.438579 [debug] [MainThread]: Flushing usage events
