[2024-01-05T11:20:54.529+0000] {taskinstance.py:1957} INFO - Dependencies all met for dep_context=non-requeueable deps ti=<TaskInstance: load_data_parquet.load_data_sample_submission manual__2024-01-05T11:20:45.850362+00:00 [queued]>
[2024-01-05T11:20:54.541+0000] {taskinstance.py:1957} INFO - Dependencies all met for dep_context=requeueable deps ti=<TaskInstance: load_data_parquet.load_data_sample_submission manual__2024-01-05T11:20:45.850362+00:00 [queued]>
[2024-01-05T11:20:54.541+0000] {taskinstance.py:2171} INFO - Starting attempt 1 of 1
[2024-01-05T11:20:54.565+0000] {taskinstance.py:2192} INFO - Executing <Task(PythonOperator): load_data_sample_submission> on 2024-01-05 11:20:45.850362+00:00
[2024-01-05T11:20:54.572+0000] {standard_task_runner.py:60} INFO - Started process 451 to run task
[2024-01-05T11:20:54.577+0000] {standard_task_runner.py:87} INFO - Running: ['***', 'tasks', 'run', 'load_data_parquet', 'load_data_sample_submission', 'manual__2024-01-05T11:20:45.850362+00:00', '--job-id', '28', '--raw', '--subdir', 'DAGS_FOLDER/load_data_parquet.py', '--cfg-path', '/tmp/tmpkztklkes']
[2024-01-05T11:20:54.585+0000] {standard_task_runner.py:88} INFO - Job 28: Subtask load_data_sample_submission
[2024-01-05T11:20:54.670+0000] {task_command.py:423} INFO - Running <TaskInstance: load_data_parquet.load_data_sample_submission manual__2024-01-05T11:20:45.850362+00:00 [running]> on host edef6e683abd
[2024-01-05T11:20:54.812+0000] {taskinstance.py:2481} INFO - Exporting env vars: AIRFLOW_CTX_DAG_OWNER='***' AIRFLOW_CTX_DAG_ID='load_data_parquet' AIRFLOW_CTX_TASK_ID='load_data_sample_submission' AIRFLOW_CTX_EXECUTION_DATE='2024-01-05T11:20:45.850362+00:00' AIRFLOW_CTX_TRY_NUMBER='1' AIRFLOW_CTX_DAG_RUN_ID='manual__2024-01-05T11:20:45.850362+00:00'
[2024-01-05T11:20:54.848+0000] {logging_mixin.py:188} INFO - starting:sample_submission
[2024-01-05T11:20:54.985+0000] {logging_mixin.py:188} INFO - loading chunk:0
[2024-01-05T11:20:55.728+0000] {logging_mixin.py:188} INFO - loading chunk:1
[2024-01-05T11:20:55.920+0000] {logging_mixin.py:188} INFO - loading chunk:2
[2024-01-05T11:20:56.102+0000] {logging_mixin.py:188} INFO - loading chunk:3
[2024-01-05T11:20:56.270+0000] {logging_mixin.py:188} INFO - loading chunk:4
[2024-01-05T11:20:56.425+0000] {logging_mixin.py:188} INFO - loading chunk:5
[2024-01-05T11:20:56.712+0000] {logging_mixin.py:188} INFO - loading chunk:6
[2024-01-05T11:20:56.852+0000] {logging_mixin.py:188} INFO - loading chunk:7
[2024-01-05T11:20:56.945+0000] {python.py:201} INFO - Done. Returned value was: None
[2024-01-05T11:20:57.090+0000] {taskinstance.py:1138} INFO - Marking task as SUCCESS. dag_id=load_data_parquet, task_id=load_data_sample_submission, execution_date=20240105T112045, start_date=20240105T112054, end_date=20240105T112057
[2024-01-05T11:20:57.165+0000] {local_task_job_runner.py:234} INFO - Task exited with return code 0
[2024-01-05T11:20:57.236+0000] {taskinstance.py:3281} INFO - 0 downstream tasks scheduled from follow-on schedule check
